{"uuid":"c28d28fa-787b-4ba6-9951-24cc4f07c485","historyId":"11de9715d240ef34898ed03b6fd89b2","fullName":"tests.complete_flow.Complete_Flow_Test.validate_Complete_FLow","labels":[{"name":"package","value":"tests.complete_flow.Complete_Flow_Test"},{"name":"testClass","value":"tests.complete_flow.Complete_Flow_Test"},{"name":"testMethod","value":"validate_Complete_FLow"},{"name":"parentSuite","value":"Default Suite"},{"name":"suite","value":"Web_Automation_Technical_Task_TestNG"},{"name":"subSuite","value":"tests.complete_flow.Complete_Flow_Test"},{"name":"host","value":"DESKTOP-QP76K1J"},{"name":"thread","value":"3400@DESKTOP-QP76K1J.main(1)"},{"name":"framework","value":"testng"},{"name":"language","value":"java"},{"name":"owner","value":"Nouran Ahmed"}],"links":[{"name":"Home_Register_Login_Dashboard_Shoes_Card :  Verify that the user can register, then log out, and then log in.and add a shoe product from the accessories to the shopping cart","type":"custom"}],"name":"validate_Complete_FLow","status":"broken","statusDetails":{"known":false,"muted":false,"flaky":false,"message":"no such element: Unable to locate element: {\"method\":\"css selector\",\"selector\":\"a[title='Log In']\"}\n  (Session info: chrome=130.0.6723.92)\nFor documentation on this error, please visit: https://www.selenium.dev/documentation/webdriver/troubleshooting/errors#no-such-element-exception\nBuild info: version: '4.15.0', revision: '1d14b5521b'\nSystem info: os.name: 'Windows 10', os.arch: 'amd64', os.version: '10.0', java.version: '17.0.13'\nDriver info: org.openqa.selenium.chrome.ChromeDriver\nCommand: [96426afa2635ab6d06189599ee76911a, findElement {using=css selector, value=a[title='Log In']}]\nCapabilities {acceptInsecureCerts: false, browserName: chrome, browserVersion: 130.0.6723.92, chrome: {chromedriverVersion: 130.0.6723.91 (53ac07678369..., userDataDir: C:\\Users\\LEGION~1\\AppData\\L...}, fedcm:accounts: true, goog:chromeOptions: {debuggerAddress: localhost:11652}, networkConnectionEnabled: false, pageLoadStrategy: normal, platformName: windows, proxy: Proxy(), se:cdp: ws://localhost:11652/devtoo..., se:cdpVersion: 130.0.6723.92, setWindowRect: true, strictFileInteractability: false, timeouts: {implicit: 0, pageLoad: 300000, script: 30000}, unhandledPromptBehavior: dismiss and notify, webauthn:extension:credBlob: true, webauthn:extension:largeBlob: true, webauthn:extension:minPinLength: true, webauthn:extension:prf: true, webauthn:virtualAuthenticators: true}\nSession ID: 96426afa2635ab6d06189599ee76911a","trace":"org.openqa.selenium.NoSuchElementException: no such element: Unable to locate element: {\"method\":\"css selector\",\"selector\":\"a[title='Log In']\"}\n  (Session info: chrome=130.0.6723.92)\nFor documentation on this error, please visit: https://www.selenium.dev/documentation/webdriver/troubleshooting/errors#no-such-element-exception\nBuild info: version: '4.15.0', revision: '1d14b5521b'\nSystem info: os.name: 'Windows 10', os.arch: 'amd64', os.version: '10.0', java.version: '17.0.13'\nDriver info: org.openqa.selenium.chrome.ChromeDriver\nCommand: [96426afa2635ab6d06189599ee76911a, findElement {using=css selector, value=a[title='Log In']}]\nCapabilities {acceptInsecureCerts: false, browserName: chrome, browserVersion: 130.0.6723.92, chrome: {chromedriverVersion: 130.0.6723.91 (53ac07678369..., userDataDir: C:\\Users\\LEGION~1\\AppData\\L...}, fedcm:accounts: true, goog:chromeOptions: {debuggerAddress: localhost:11652}, networkConnectionEnabled: false, pageLoadStrategy: normal, platformName: windows, proxy: Proxy(), se:cdp: ws://localhost:11652/devtoo..., se:cdpVersion: 130.0.6723.92, setWindowRect: true, strictFileInteractability: false, timeouts: {implicit: 0, pageLoad: 300000, script: 30000}, unhandledPromptBehavior: dismiss and notify, webauthn:extension:credBlob: true, webauthn:extension:largeBlob: true, webauthn:extension:minPinLength: true, webauthn:extension:prf: true, webauthn:virtualAuthenticators: true}\nSession ID: 96426afa2635ab6d06189599ee76911a\r\n\tat jdk.internal.reflect.GeneratedConstructorAccessor16.newInstance(Unknown Source)\r\n\tat java.base/jdk.internal.reflect.DelegatingConstructorAccessorImpl.newInstance(DelegatingConstructorAccessorImpl.java:45)\r\n\tat java.base/java.lang.reflect.Constructor.newInstanceWithCaller(Constructor.java:500)\r\n\tat java.base/java.lang.reflect.Constructor.newInstance(Constructor.java:481)\r\n\tat org.openqa.selenium.remote.codec.w3c.W3CHttpResponseCodec.createException(W3CHttpResponseCodec.java:200)\r\n\tat org.openqa.selenium.remote.codec.w3c.W3CHttpResponseCodec.decode(W3CHttpResponseCodec.java:133)\r\n\tat org.openqa.selenium.remote.codec.w3c.W3CHttpResponseCodec.decode(W3CHttpResponseCodec.java:52)\r\n\tat org.openqa.selenium.remote.HttpCommandExecutor.execute(HttpCommandExecutor.java:191)\r\n\tat org.openqa.selenium.remote.service.DriverCommandExecutor.invokeExecute(DriverCommandExecutor.java:200)\r\n\tat org.openqa.selenium.remote.service.DriverCommandExecutor.execute(DriverCommandExecutor.java:175)\r\n\tat org.openqa.selenium.remote.RemoteWebDriver.execute(RemoteWebDriver.java:607)\r\n\tat org.openqa.selenium.remote.ElementLocation$ElementFinder$2.findElement(ElementLocation.java:165)\r\n\tat org.openqa.selenium.remote.ElementLocation.findElement(ElementLocation.java:59)\r\n\tat org.openqa.selenium.remote.RemoteWebDriver.findElement(RemoteWebDriver.java:364)\r\n\tat org.openqa.selenium.remote.RemoteWebDriver.findElement(RemoteWebDriver.java:358)\r\n\tat org.openqa.selenium.support.pagefactory.DefaultElementLocator.findElement(DefaultElementLocator.java:68)\r\n\tat org.openqa.selenium.support.pagefactory.internal.LocatingElementHandler.invoke(LocatingElementHandler.java:38)\r\n\tat jdk.proxy2/jdk.proxy2.$Proxy21.getAccessibleName(Unknown Source)\r\n\tat web_pages.Page_Base.clickWebElement(Page_Base.java:52)\r\n\tat web_pages.home_page.Home_Actions.click_Login_Li(Home_Actions.java:28)\r\n\tat tests.complete_flow.Complete_Flow_Test.validate_Complete_FLow(Complete_Flow_Test.java:71)\r\n\tat java.base/jdk.internal.reflect.NativeMethodAccessorImpl.invoke0(Native Method)\r\n\tat java.base/jdk.internal.reflect.NativeMethodAccessorImpl.invoke(NativeMethodAccessorImpl.java:77)\r\n\tat java.base/jdk.internal.reflect.DelegatingMethodAccessorImpl.invoke(DelegatingMethodAccessorImpl.java:43)\r\n\tat java.base/java.lang.reflect.Method.invoke(Method.java:569)\r\n\tat org.testng.internal.invokers.MethodInvocationHelper.invokeMethod(MethodInvocationHelper.java:139)\r\n\tat org.testng.internal.invokers.TestInvoker.invokeMethod(TestInvoker.java:664)\r\n\tat org.testng.internal.invokers.TestInvoker.invokeTestMethod(TestInvoker.java:227)\r\n\tat org.testng.internal.invokers.MethodRunner.runInSequence(MethodRunner.java:50)\r\n\tat org.testng.internal.invokers.TestInvoker$MethodInvocationAgent.invoke(TestInvoker.java:957)\r\n\tat org.testng.internal.invokers.TestInvoker.invokeTestMethods(TestInvoker.java:200)\r\n\tat org.testng.internal.invokers.TestMethodWorker.invokeTestMethods(TestMethodWorker.java:148)\r\n\tat org.testng.internal.invokers.TestMethodWorker.run(TestMethodWorker.java:128)\r\n\tat java.base/java.util.ArrayList.forEach(ArrayList.java:1511)\r\n\tat org.testng.TestRunner.privateRun(TestRunner.java:848)\r\n\tat org.testng.TestRunner.run(TestRunner.java:621)\r\n\tat org.testng.SuiteRunner.runTest(SuiteRunner.java:443)\r\n\tat org.testng.SuiteRunner.runSequentially(SuiteRunner.java:437)\r\n\tat org.testng.SuiteRunner.privateRun(SuiteRunner.java:397)\r\n\tat org.testng.SuiteRunner.run(SuiteRunner.java:336)\r\n\tat org.testng.SuiteRunnerWorker.runSuite(SuiteRunnerWorker.java:52)\r\n\tat org.testng.SuiteRunnerWorker.run(SuiteRunnerWorker.java:95)\r\n\tat org.testng.TestNG.runSuitesSequentially(TestNG.java:1280)\r\n\tat org.testng.TestNG.runSuitesLocally(TestNG.java:1200)\r\n\tat org.testng.TestNG.runSuites(TestNG.java:1114)\r\n\tat org.testng.TestNG.run(TestNG.java:1082)\r\n\tat com.intellij.rt.testng.IDEARemoteTestNG.run(IDEARemoteTestNG.java:65)\r\n\tat com.intellij.rt.testng.RemoteTestNGStarter.main(RemoteTestNGStarter.java:105)\r\n"},"stage":"finished","steps":[{"name":"Clicks Account DDL","status":"passed","stage":"finished","steps":[],"attachments":[],"parameters":[],"start":1730823797556,"stop":1730823797758},{"name":"Clicks Register list item","status":"passed","stage":"finished","steps":[],"attachments":[],"parameters":[],"start":1730823797758,"stop":1730823799514},{"name":"Enter First Name","status":"passed","stage":"finished","steps":[],"attachments":[],"parameters":[{"name":"firstName","value":"Hiram"}],"start":1730823799518,"stop":1730823801070},{"name":"Enters Middle Name","status":"passed","stage":"finished","steps":[],"attachments":[],"parameters":[{"name":"middleName","value":"Andrea Yost"}],"start":1730823801070,"stop":1730823801213},{"name":"Enter Last Name","status":"passed","stage":"finished","steps":[],"attachments":[],"parameters":[{"name":"lastName","value":"Hintz"}],"start":1730823801214,"stop":1730823801405},{"name":"Enter Email Address","status":"passed","stage":"finished","steps":[],"attachments":[],"parameters":[{"name":"email_Address","value":"yoko.durgan@yahoo.com"}],"start":1730823801406,"stop":1730823801585},{"name":"Enter Password","status":"passed","stage":"finished","steps":[],"attachments":[],"parameters":[{"name":"password","value":"0645138"}],"start":1730823801586,"stop":1730823801807},{"name":"Enter Confirm Password","status":"passed","stage":"finished","steps":[],"attachments":[],"parameters":[{"name":"confirm_password","value":"0645138"}],"start":1730823801807,"stop":1730823801928},{"name":"Clicks Register button","status":"passed","stage":"finished","steps":[],"attachments":[],"parameters":[],"start":1730823801929,"stop":1730823802150},{"name":"Clicks \"Logout\" list item","status":"passed","stage":"finished","steps":[],"attachments":[],"parameters":[],"start":1730823804259,"stop":1730823819502},{"name":"Clicks Account DDL","status":"passed","stage":"finished","steps":[],"attachments":[],"parameters":[],"start":1730823819502,"stop":1730823819626},{"name":"Clicks Login list item","status":"broken","statusDetails":{"known":false,"muted":false,"flaky":false,"message":"no such element: Unable to locate element: {\"method\":\"css selector\",\"selector\":\"a[title='Log In']\"}\n  (Session info: chrome=130.0.6723.92)\nFor documentation on this error, please visit: https://www.selenium.dev/documentation/webdriver/troubleshooting/errors#no-such-element-exception\nBuild info: version: '4.15.0', revision: '1d14b5521b'\nSystem info: os.name: 'Windows 10', os.arch: 'amd64', os.version: '10.0', java.version: '17.0.13'\nDriver info: org.openqa.selenium.chrome.ChromeDriver\nCommand: [96426afa2635ab6d06189599ee76911a, findElement {using=css selector, value=a[title='Log In']}]\nCapabilities {acceptInsecureCerts: false, browserName: chrome, browserVersion: 130.0.6723.92, chrome: {chromedriverVersion: 130.0.6723.91 (53ac07678369..., userDataDir: C:\\Users\\LEGION~1\\AppData\\L...}, fedcm:accounts: true, goog:chromeOptions: {debuggerAddress: localhost:11652}, networkConnectionEnabled: false, pageLoadStrategy: normal, platformName: windows, proxy: Proxy(), se:cdp: ws://localhost:11652/devtoo..., se:cdpVersion: 130.0.6723.92, setWindowRect: true, strictFileInteractability: false, timeouts: {implicit: 0, pageLoad: 300000, script: 30000}, unhandledPromptBehavior: dismiss and notify, webauthn:extension:credBlob: true, webauthn:extension:largeBlob: true, webauthn:extension:minPinLength: true, webauthn:extension:prf: true, webauthn:virtualAuthenticators: true}\nSession ID: 96426afa2635ab6d06189599ee76911a","trace":"org.openqa.selenium.NoSuchElementException: no such element: Unable to locate element: {\"method\":\"css selector\",\"selector\":\"a[title='Log In']\"}\n  (Session info: chrome=130.0.6723.92)\nFor documentation on this error, please visit: https://www.selenium.dev/documentation/webdriver/troubleshooting/errors#no-such-element-exception\nBuild info: version: '4.15.0', revision: '1d14b5521b'\nSystem info: os.name: 'Windows 10', os.arch: 'amd64', os.version: '10.0', java.version: '17.0.13'\nDriver info: org.openqa.selenium.chrome.ChromeDriver\nCommand: [96426afa2635ab6d06189599ee76911a, findElement {using=css selector, value=a[title='Log In']}]\nCapabilities {acceptInsecureCerts: false, browserName: chrome, browserVersion: 130.0.6723.92, chrome: {chromedriverVersion: 130.0.6723.91 (53ac07678369..., userDataDir: C:\\Users\\LEGION~1\\AppData\\L...}, fedcm:accounts: true, goog:chromeOptions: {debuggerAddress: localhost:11652}, networkConnectionEnabled: false, pageLoadStrategy: normal, platformName: windows, proxy: Proxy(), se:cdp: ws://localhost:11652/devtoo..., se:cdpVersion: 130.0.6723.92, setWindowRect: true, strictFileInteractability: false, timeouts: {implicit: 0, pageLoad: 300000, script: 30000}, unhandledPromptBehavior: dismiss and notify, webauthn:extension:credBlob: true, webauthn:extension:largeBlob: true, webauthn:extension:minPinLength: true, webauthn:extension:prf: true, webauthn:virtualAuthenticators: true}\nSession ID: 96426afa2635ab6d06189599ee76911a\r\n\tat jdk.internal.reflect.GeneratedConstructorAccessor16.newInstance(Unknown Source)\r\n\tat java.base/jdk.internal.reflect.DelegatingConstructorAccessorImpl.newInstance(DelegatingConstructorAccessorImpl.java:45)\r\n\tat java.base/java.lang.reflect.Constructor.newInstanceWithCaller(Constructor.java:500)\r\n\tat java.base/java.lang.reflect.Constructor.newInstance(Constructor.java:481)\r\n\tat org.openqa.selenium.remote.codec.w3c.W3CHttpResponseCodec.createException(W3CHttpResponseCodec.java:200)\r\n\tat org.openqa.selenium.remote.codec.w3c.W3CHttpResponseCodec.decode(W3CHttpResponseCodec.java:133)\r\n\tat org.openqa.selenium.remote.codec.w3c.W3CHttpResponseCodec.decode(W3CHttpResponseCodec.java:52)\r\n\tat org.openqa.selenium.remote.HttpCommandExecutor.execute(HttpCommandExecutor.java:191)\r\n\tat org.openqa.selenium.remote.service.DriverCommandExecutor.invokeExecute(DriverCommandExecutor.java:200)\r\n\tat org.openqa.selenium.remote.service.DriverCommandExecutor.execute(DriverCommandExecutor.java:175)\r\n\tat org.openqa.selenium.remote.RemoteWebDriver.execute(RemoteWebDriver.java:607)\r\n\tat org.openqa.selenium.remote.ElementLocation$ElementFinder$2.findElement(ElementLocation.java:165)\r\n\tat org.openqa.selenium.remote.ElementLocation.findElement(ElementLocation.java:59)\r\n\tat org.openqa.selenium.remote.RemoteWebDriver.findElement(RemoteWebDriver.java:364)\r\n\tat org.openqa.selenium.remote.RemoteWebDriver.findElement(RemoteWebDriver.java:358)\r\n\tat org.openqa.selenium.support.pagefactory.DefaultElementLocator.findElement(DefaultElementLocator.java:68)\r\n\tat org.openqa.selenium.support.pagefactory.internal.LocatingElementHandler.invoke(LocatingElementHandler.java:38)\r\n\tat jdk.proxy2/jdk.proxy2.$Proxy21.getAccessibleName(Unknown Source)\r\n\tat web_pages.Page_Base.clickWebElement(Page_Base.java:52)\r\n\tat web_pages.home_page.Home_Actions.click_Login_Li(Home_Actions.java:28)\r\n\tat tests.complete_flow.Complete_Flow_Test.validate_Complete_FLow(Complete_Flow_Test.java:71)\r\n\tat java.base/jdk.internal.reflect.NativeMethodAccessorImpl.invoke0(Native Method)\r\n\tat java.base/jdk.internal.reflect.NativeMethodAccessorImpl.invoke(NativeMethodAccessorImpl.java:77)\r\n\tat java.base/jdk.internal.reflect.DelegatingMethodAccessorImpl.invoke(DelegatingMethodAccessorImpl.java:43)\r\n\tat java.base/java.lang.reflect.Method.invoke(Method.java:569)\r\n\tat org.testng.internal.invokers.MethodInvocationHelper.invokeMethod(MethodInvocationHelper.java:139)\r\n\tat org.testng.internal.invokers.TestInvoker.invokeMethod(TestInvoker.java:664)\r\n\tat org.testng.internal.invokers.TestInvoker.invokeTestMethod(TestInvoker.java:227)\r\n\tat org.testng.internal.invokers.MethodRunner.runInSequence(MethodRunner.java:50)\r\n\tat org.testng.internal.invokers.TestInvoker$MethodInvocationAgent.invoke(TestInvoker.java:957)\r\n\tat org.testng.internal.invokers.TestInvoker.invokeTestMethods(TestInvoker.java:200)\r\n\tat org.testng.internal.invokers.TestMethodWorker.invokeTestMethods(TestMethodWorker.java:148)\r\n\tat org.testng.internal.invokers.TestMethodWorker.run(TestMethodWorker.java:128)\r\n\tat java.base/java.util.ArrayList.forEach(ArrayList.java:1511)\r\n\tat org.testng.TestRunner.privateRun(TestRunner.java:848)\r\n\tat org.testng.TestRunner.run(TestRunner.java:621)\r\n\tat org.testng.SuiteRunner.runTest(SuiteRunner.java:443)\r\n\tat org.testng.SuiteRunner.runSequentially(SuiteRunner.java:437)\r\n\tat org.testng.SuiteRunner.privateRun(SuiteRunner.java:397)\r\n\tat org.testng.SuiteRunner.run(SuiteRunner.java:336)\r\n\tat org.testng.SuiteRunnerWorker.runSuite(SuiteRunnerWorker.java:52)\r\n\tat org.testng.SuiteRunnerWorker.run(SuiteRunnerWorker.java:95)\r\n\tat org.testng.TestNG.runSuitesSequentially(TestNG.java:1280)\r\n\tat org.testng.TestNG.runSuitesLocally(TestNG.java:1200)\r\n\tat org.testng.TestNG.runSuites(TestNG.java:1114)\r\n\tat org.testng.TestNG.run(TestNG.java:1082)\r\n\tat com.intellij.rt.testng.IDEARemoteTestNG.run(IDEARemoteTestNG.java:65)\r\n\tat com.intellij.rt.testng.RemoteTestNGStarter.main(RemoteTestNGStarter.java:105)\r\n"},"stage":"finished","steps":[],"attachments":[],"parameters":[],"start":1730823819627,"stop":1730823834852}],"attachments":[],"parameters":[],"start":1730823797413,"stop":1730823834855}